[2508:1448:0916/163418.160:WARNING:pref_value_store.cc(271)] Expected type for webkit.webprefs.allow_running_insecure_content is boolean but got integer in store 4
[2508:1448:0916/163418.251:WARNING:pref_value_store.cc(271)] Expected type for webkit.webprefs.allow_running_insecure_content is boolean but got integer in store 4
[2508:4548:0916/163418.288:WARNING:discovery_network_list_win.cc(196)] Failed to open Wlan client handle: 1062
[2508:1448:0916/163418.458:WARNING:CONSOLE(0)] "HTML Imports is deprecated and will be removed in M80, around February 2020. Please use ES modules instead. See https://www.chromestatus.com/features/5144752345317376 and https://developers.google.com/web/updates/2019/07/web-components-time-to-upgrade for more details.", source:  (0)
[2508:12052:0916/163419.389:WARNING:leveldb_database.cc(106)] Unable to open C:\Users\indra.ramegowda\eclipse-workspace\Unification\Temp\ChromeData1568631856332\Default\shared_proto_db: Invalid argument: C:\Users\indra.ramegowda\eclipse-workspace\Unification\Temp\ChromeData1568631856332\Default\shared_proto_db: does not exist (create_if_missing is false)
[2508:1448:0916/163422.113:WARNING:pref_value_store.cc(271)] Expected type for webkit.webprefs.allow_running_insecure_content is boolean but got integer in store 4
[2508:1448:0916/163422.208:WARNING:CONSOLE(0)] "HTML Imports is deprecated and will be removed in M80, around February 2020. Please use ES modules instead. See https://www.chromestatus.com/features/5144752345317376 and https://developers.google.com/web/updates/2019/07/web-components-time-to-upgrade for more details.", source:  (0)
[2508:1448:0916/163424.865:WARNING:pref_value_store.cc(271)] Expected type for webkit.webprefs.allow_running_insecure_content is boolean but got integer in store 4
[2508:1448:0916/163425.948:INFO:CONSOLE(5)] "Synchronous XMLHttpRequest on the main thread is deprecated because of its detrimental effects to the end user's experience. For more help, check https://xhr.spec.whatwg.org/.", source: https://unified-qa.clearhub.tv/BC/Product/JS/jquery.min.js?v=1497128891 (5)
[2508:6644:0916/163445.721:ERROR:shader_disk_cache.cc(258)] Failed to create shader cache entry: -2
[2508:1448:0916/163446.609:INFO:CONSOLE(0)] "[DOM] Input elements should have autocomplete attributes (suggested: "new-password"): (More info: https://goo.gl/9p2vKq) %o", source: https://unified-qa.clearhub.tv/BC/Product/Modules/SignIn.aspx (0)
[2508:1448:0916/163451.677:INFO:CONSOLE(0)] "HTML Imports is deprecated and will be removed in M80, around February 2020. Please use ES modules instead. See https://www.chromestatus.com/features/5144752345317376 and https://developers.google.com/web/updates/2019/07/web-components-time-to-upgrade for more details.", source:  (0)
[2508:1448:0916/163451.809:INFO:CONSOLE(1)] "the date for url:  is : 1568631891807", source: https://unified-qa.clearhub.tv/BC/Product/Bundles/JS/Dashboard_Portal?v=T0FScIUh9QXgCJNTvK-3cATYSt5Ho_y8HIDaLQZtOZY1 (1)
[2508:1448:0916/163451.814:INFO:CONSOLE(1)] "Error: the date for url:  is : 1568631891807and latency is 6ms", source: https://unified-qa.clearhub.tv/BC/Product/Bundles/JS/Dashboard_Portal?v=T0FScIUh9QXgCJNTvK-3cATYSt5Ho_y8HIDaLQZtOZY1 (1)
[2508:1448:0916/163451.863:INFO:CONSOLE(447)] "document.registerElement is deprecated and will be removed in M80, around February 2020. Please use window.customElements.define instead. See https://www.chromestatus.com/features/4642138092470272 and https://developers.google.com/web/updates/2019/07/web-components-time-to-upgrade for more details.", source: https://unified-qa.clearhub.tv/BC/ClearWebComponents/bower_components/polymer/polymer-micro.html (447)
[2508:1448:0916/163452.069:INFO:CONSOLE(1)] "Signal R Registered :OwBLzPSYd1TCmAjpuQ0UfQ==_CommonSignalRTopic", source: https://unified-qa.clearhub.tv/BC/Product/Bundles/JS/Dashboard_Portal?v=T0FScIUh9QXgCJNTvK-3cATYSt5Ho_y8HIDaLQZtOZY1 (1)
[2508:1448:0916/163452.383:INFO:CONSOLE(64)] "Signal R Registered :OwBLzPSYd1TCmAjpuQ0UfQ==_CommonSignalRTopic", source:  (64)
[2508:1448:0916/163453.238:INFO:CONSOLE(1)] "Auto download 0", source: https://unified-qa.clearhub.tv/BC/Product/Bundles/JS/Dashboard_Portal?v=T0FScIUh9QXgCJNTvK-3cATYSt5Ho_y8HIDaLQZtOZY1 (1)
[2508:1448:0916/163454.860:INFO:CONSOLE(1)] "Streaming Server Latency Set", source: https://unified-qa.clearhub.tv/BC/Product/Bundles/JS/Dashboard_Portal?v=T0FScIUh9QXgCJNTvK-3cATYSt5Ho_y8HIDaLQZtOZY1 (1)
[2508:1448:0916/163552.755:INFO:CONSOLE(1)] "Uncaught TypeError: Cannot read property 'style' of null", source: https://unified-qa.clearhub.tv/BC/Product/Bundles/JS/Dashboard_Portal?v=T0FScIUh9QXgCJNTvK-3cATYSt5Ho_y8HIDaLQZtOZY1 (1)
[2508:1448:0916/163553.058:INFO:CONSOLE(1)] "Uncaught TypeError: Cannot read property 'style' of null", source: https://unified-qa.clearhub.tv/BC/Product/Bundles/JS/Dashboard_Portal?v=T0FScIUh9QXgCJNTvK-3cATYSt5Ho_y8HIDaLQZtOZY1 (1)
[2508:1448:0916/163553.291:INFO:CONSOLE(1)] "Uncaught TypeError: Cannot read property 'style' of null", source: https://unified-qa.clearhub.tv/BC/Product/Bundles/JS/Dashboard_Portal?v=T0FScIUh9QXgCJNTvK-3cATYSt5Ho_y8HIDaLQZtOZY1 (1)
[2508:1448:0916/163609.757:INFO:CONSOLE(1)] "Synchronous XMLHttpRequest on the main thread is deprecated because of its detrimental effects to the end user's experience. For more help, check https://xhr.spec.whatwg.org/.", source: https://unified-qa.clearhub.tv/BC/Product/Bundles/JS/Dashboard_Portal?v=T0FScIUh9QXgCJNTvK-3cATYSt5Ho_y8HIDaLQZtOZY1 (1)
[2508:1448:0916/163609.992:INFO:CONSOLE(5)] "Synchronous XMLHttpRequest on the main thread is deprecated because of its detrimental effects to the end user's experience. For more help, check https://xhr.spec.whatwg.org/.", source: https://unified-qa.clearhub.tv/BC/Product/JS/jquery.min.js?v=1497128891 (5)
[2508:1448:0916/163610.020:INFO:CONSOLE(0)] "[DOM] Input elements should have autocomplete attributes (suggested: "new-password"): (More info: https://goo.gl/9p2vKq) %o", source: https://unified-qa.clearhub.tv/BC/Product/Modules/SignIn.aspx (0)
[2508:1448:0916/163610.038:INFO:CONSOLE(0)] "Cross-origin plugin content from  must have a visible size larger than 400 x 300 pixels, or it will be blocked. Invisible content is always blocked.", source: https://unified-qa.clearhub.tv/BC/Product/Modules/SignIn.aspx (0)
[2508:1448:0916/163610.902:INFO:CONSOLE(5)] "Synchronous XMLHttpRequest on the main thread is deprecated because of its detrimental effects to the end user's experience. For more help, check https://xhr.spec.whatwg.org/.", source: https://unified-qa.clearhub.tv/BC/Product/JS/jquery.min.js?v=1497128891 (5)
[2508:1448:0916/163610.928:INFO:CONSOLE(0)] "[DOM] Input elements should have autocomplete attributes (suggested: "new-password"): (More info: https://goo.gl/9p2vKq) %o", source: https://unified-qa.clearhub.tv/BC/Product/Modules/SignIn.aspx (0)
[2508:1448:0916/163611.013:INFO:CONSOLE(0)] "Cross-origin plugin content from  must have a visible size larger than 400 x 300 pixels, or it will be blocked. Invisible content is always blocked.", source: https://unified-qa.clearhub.tv/BC/Product/Modules/SignIn.aspx (0)
[2508:1448:0916/163612.988:INFO:CONSOLE(0)] "[DOM] Input elements should have autocomplete attributes (suggested: "new-password"): (More info: https://goo.gl/9p2vKq) %o", source: https://unified-qa.clearhub.tv/BC/Product/Modules/SignIn.aspx (0)
[2508:1448:0916/163617.463:INFO:CONSOLE(0)] "HTML Imports is deprecated and will be removed in M80, around February 2020. Please use ES modules instead. See https://www.chromestatus.com/features/5144752345317376 and https://developers.google.com/web/updates/2019/07/web-components-time-to-upgrade for more details.", source:  (0)
[2508:1448:0916/163617.480:INFO:CONSOLE(1)] "the date for url:  is : 1568631977479", source: https://unified-qa.clearhub.tv/BC/Product/Bundles/JS/Dashboard_Portal?v=T0FScIUh9QXgCJNTvK-3cATYSt5Ho_y8HIDaLQZtOZY1 (1)
[2508:1448:0916/163617.503:INFO:CONSOLE(1)] "Error: the date for url:  is : 1568631977479and latency is 23ms", source: https://unified-qa.clearhub.tv/BC/Product/Bundles/JS/Dashboard_Portal?v=T0FScIUh9QXgCJNTvK-3cATYSt5Ho_y8HIDaLQZtOZY1 (1)
[2508:1448:0916/163617.572:INFO:CONSOLE(447)] "document.registerElement is deprecated and will be removed in M80, around February 2020. Please use window.customElements.define instead. See https://www.chromestatus.com/features/4642138092470272 and https://developers.google.com/web/updates/2019/07/web-components-time-to-upgrade for more details.", source: https://unified-qa.clearhub.tv/BC/ClearWebComponents/bower_components/polymer/polymer-micro.html (447)
[2508:1448:0916/163617.808:INFO:CONSOLE(1)] "Signal R Registered :OwBLzPSYd1TCmAjpuQ0UfQ==_CommonSignalRTopic", source: https://unified-qa.clearhub.tv/BC/Product/Bundles/JS/Dashboard_Portal?v=T0FScIUh9QXgCJNTvK-3cATYSt5Ho_y8HIDaLQZtOZY1 (1)
[2508:1448:0916/163618.459:INFO:CONSOLE(1)] "Auto download 0", source: https://unified-qa.clearhub.tv/BC/Product/Bundles/JS/Dashboard_Portal?v=T0FScIUh9QXgCJNTvK-3cATYSt5Ho_y8HIDaLQZtOZY1 (1)
[2508:1448:0916/163620.066:INFO:CONSOLE(0)] "Cross-origin plugin content from  must have a visible size larger than 400 x 300 pixels, or it will be blocked. Invisible content is always blocked.", source: https://unified-qa.clearhub.tv/BC/PRODUCT/Modules/Home/Home.aspx (0)
[2508:1448:0916/163620.548:INFO:CONSOLE(1)] "Streaming Server Latency Set", source: https://unified-qa.clearhub.tv/BC/Product/Bundles/JS/Dashboard_Portal?v=T0FScIUh9QXgCJNTvK-3cATYSt5Ho_y8HIDaLQZtOZY1 (1)
[2508:1448:0916/163634.236:INFO:CONSOLE(1)] "Uncaught TypeError: Cannot read property 'style' of null", source: https://unified-qa.clearhub.tv/BC/Product/Bundles/JS/Dashboard_Portal?v=T0FScIUh9QXgCJNTvK-3cATYSt5Ho_y8HIDaLQZtOZY1 (1)
[2508:1448:0916/163634.544:INFO:CONSOLE(1)] "Uncaught TypeError: Cannot read property 'style' of null", source: https://unified-qa.clearhub.tv/BC/Product/Bundles/JS/Dashboard_Portal?v=T0FScIUh9QXgCJNTvK-3cATYSt5Ho_y8HIDaLQZtOZY1 (1)
[2508:1448:0916/163656.016:INFO:CONSOLE(1)] "Synchronous XMLHttpRequest on the main thread is deprecated because of its detrimental effects to the end user's experience. For more help, check https://xhr.spec.whatwg.org/.", source: https://unified-qa.clearhub.tv/BC/Product/Bundles/JS/Dashboard_Portal?v=T0FScIUh9QXgCJNTvK-3cATYSt5Ho_y8HIDaLQZtOZY1 (1)
[2508:1448:0916/163656.141:INFO:CONSOLE(5)] "Synchronous XMLHttpRequest on the main thread is deprecated because of its detrimental effects to the end user's experience. For more help, check https://xhr.spec.whatwg.org/.", source: https://unified-qa.clearhub.tv/BC/Product/JS/jquery.min.js?v=1497128891 (5)
[2508:1448:0916/163656.168:INFO:CONSOLE(0)] "[DOM] Input elements should have autocomplete attributes (suggested: "new-password"): (More info: https://goo.gl/9p2vKq) %o", source: https://unified-qa.clearhub.tv/BC/Product/Modules/SignIn.aspx (0)
[2508:1448:0916/163656.265:INFO:CONSOLE(0)] "Cross-origin plugin content from  must have a visible size larger than 400 x 300 pixels, or it will be blocked. Invisible content is always blocked.", source: https://unified-qa.clearhub.tv/BC/Product/Modules/SignIn.aspx (0)
[2508:1448:0916/163657.088:INFO:CONSOLE(5)] "Synchronous XMLHttpRequest on the main thread is deprecated because of its detrimental effects to the end user's experience. For more help, check https://xhr.spec.whatwg.org/.", source: https://unified-qa.clearhub.tv/BC/Product/JS/jquery.min.js?v=1497128891 (5)
[2508:1448:0916/163657.112:INFO:CONSOLE(0)] "[DOM] Input elements should have autocomplete attributes (suggested: "new-password"): (More info: https://goo.gl/9p2vKq) %o", source: https://unified-qa.clearhub.tv/BC/Product/Modules/SignIn.aspx (0)
[2508:1448:0916/163657.197:INFO:CONSOLE(0)] "Cross-origin plugin content from  must have a visible size larger than 400 x 300 pixels, or it will be blocked. Invisible content is always blocked.", source: https://unified-qa.clearhub.tv/BC/Product/Modules/SignIn.aspx (0)
[2508:1448:0916/163658.475:INFO:CONSOLE(0)] "[DOM] Input elements should have autocomplete attributes (suggested: "new-password"): (More info: https://goo.gl/9p2vKq) %o", source: https://unified-qa.clearhub.tv/BC/Product/Modules/SignIn.aspx (0)
[2508:1448:0916/163702.442:INFO:CONSOLE(0)] "HTML Imports is deprecated and will be removed in M80, around February 2020. Please use ES modules instead. See https://www.chromestatus.com/features/5144752345317376 and https://developers.google.com/web/updates/2019/07/web-components-time-to-upgrade for more details.", source:  (0)
[2508:1448:0916/163702.479:INFO:CONSOLE(447)] "document.registerElement is deprecated and will be removed in M80, around February 2020. Please use window.customElements.define instead. See https://www.chromestatus.com/features/4642138092470272 and https://developers.google.com/web/updates/2019/07/web-components-time-to-upgrade for more details.", source: https://unified-qa.clearhub.tv/BC/ClearWebComponents/bower_components/polymer/polymer-micro.html (447)
[2508:1448:0916/163702.498:INFO:CONSOLE(1)] "the date for url:  is : 1568632022499", source: https://unified-qa.clearhub.tv/BC/Product/Bundles/JS/Dashboard_Portal?v=T0FScIUh9QXgCJNTvK-3cATYSt5Ho_y8HIDaLQZtOZY1 (1)
[2508:1448:0916/163702.507:INFO:CONSOLE(1)] "Error: the date for url:  is : 1568632022499and latency is 8ms", source: https://unified-qa.clearhub.tv/BC/Product/Bundles/JS/Dashboard_Portal?v=T0FScIUh9QXgCJNTvK-3cATYSt5Ho_y8HIDaLQZtOZY1 (1)
[2508:1448:0916/163702.743:INFO:CONSOLE(1)] "Signal R Registered :zWvAmUG0YdDphX9serQTow==_CommonSignalRTopic", source: https://unified-qa.clearhub.tv/BC/Product/Bundles/JS/Dashboard_Portal?v=T0FScIUh9QXgCJNTvK-3cATYSt5Ho_y8HIDaLQZtOZY1 (1)
[2508:1448:0916/163702.847:INFO:CONSOLE(64)] "Signal R Registered :zWvAmUG0YdDphX9serQTow==_CommonSignalRTopic", source:  (64)
[2508:1448:0916/163705.026:INFO:CONSOLE(1)] "Auto download 0", source: https://unified-qa.clearhub.tv/BC/Product/Bundles/JS/Dashboard_Portal?v=T0FScIUh9QXgCJNTvK-3cATYSt5Ho_y8HIDaLQZtOZY1 (1)
[2508:1448:0916/163705.540:INFO:CONSOLE(1)] "Streaming Server Latency Set", source: https://unified-qa.clearhub.tv/BC/Product/Bundles/JS/Dashboard_Portal?v=T0FScIUh9QXgCJNTvK-3cATYSt5Ho_y8HIDaLQZtOZY1 (1)
[2508:1448:0916/163706.132:INFO:CONSOLE(0)] "Cross-origin plugin content from  must have a visible size larger than 400 x 300 pixels, or it will be blocked. Invisible content is always blocked.", source: https://unified-qa.clearhub.tv/BC/PRODUCT/Modules/Home/Home.aspx (0)
[2508:1448:0916/163715.852:INFO:CONSOLE(1)] "Uncaught TypeError: Cannot read property 'style' of null", source: https://unified-qa.clearhub.tv/BC/Product/Bundles/JS/Dashboard_Portal?v=T0FScIUh9QXgCJNTvK-3cATYSt5Ho_y8HIDaLQZtOZY1 (1)
[2508:1448:0916/163716.129:INFO:CONSOLE(1)] "Uncaught TypeError: Cannot read property 'style' of null", source: https://unified-qa.clearhub.tv/BC/Product/Bundles/JS/Dashboard_Portal?v=T0FScIUh9QXgCJNTvK-3cATYSt5Ho_y8HIDaLQZtOZY1 (1)
[2508:1448:0916/163716.383:INFO:CONSOLE(1)] "Uncaught TypeError: Cannot read property 'style' of null", source: https://unified-qa.clearhub.tv/BC/Product/Bundles/JS/Dashboard_Portal?v=T0FScIUh9QXgCJNTvK-3cATYSt5Ho_y8HIDaLQZtOZY1 (1)
[2508:1448:0916/163741.845:INFO:CONSOLE(53)] "Starting Connect session: fasp://initialize/?key=d1mRl1ccJE2gJgAzSlvfcLEmy3mC0YI9&id=071a284a-ecbc-4a43-b8b8-dd12af9e7616", source: https://unified-qa.clearhub.tv/BC/Product/JS/Aspera/connectinstaller-4.js (53)
[2508:1448:0916/163741.849:WARNING:pref_value_store.cc(271)] Expected type for webkit.webprefs.allow_running_insecure_content is boolean but got integer in store 4
[2508:1448:0916/163746.844:INFO:CONSOLE(53)] "Connect detection timed out after: 5000ms", source: https://unified-qa.clearhub.tv/BC/Product/JS/Aspera/connectinstaller-4.js (53)
[2508:1448:0916/164014.332:INFO:CONSOLE(1)] "Synchronous XMLHttpRequest on the main thread is deprecated because of its detrimental effects to the end user's experience. For more help, check https://xhr.spec.whatwg.org/.", source: https://unified-qa.clearhub.tv/BC/Product/Bundles/JS/Dashboard_Portal?v=T0FScIUh9QXgCJNTvK-3cATYSt5Ho_y8HIDaLQZtOZY1 (1)
[2508:6644:0916/164014.612:ERROR:browser_process_sub_thread.cc(203)] Waited 47 ms for network service
[2508:1448:0916/164014.642:WARNING:pref_notifier_impl.cc(36)] Pref observer for browser.relaunch_notification_period found at shutdown.
[2508:1448:0916/164014.642:WARNING:pref_notifier_impl.cc(36)] Pref observer for media_router.cast_allow_all_ips found at shutdown.
