2020-04-12 19:56:22,522 INFO  SearchLibraryPageTest:39 - logs
2020-04-12 20:08:45,752 INFO  SearchLibraryPageTest:38 - *****************Starting testcase execution*****************
2020-04-12 20:14:30,898 INFO  SearchLibraryPageTest:38 - *****************Starting testcase execution*****************
2020-04-12 20:16:54,054 INFO  SearchLibraryPageTest:38 - *****************Starting testcase execution*****************
2020-04-12 21:17:13,455 INFO  SearchLibraryPageTest:38 - *****************Starting testcase execution*****************
2020-04-12 21:22:51,143 INFO  SearchLibraryPageTest:41 - *****************Starting testcase execution*****************
2020-04-12 21:34:11,644 INFO  SearchLibraryPageTest:41 - *****************Starting testcase execution*****************
2020-04-12 21:35:03,075 INFO  SearchLibraryPageTest:41 - *****************Starting testcase execution*****************
2020-04-12 21:35:47,239 INFO  SearchLibraryPageTest:41 - *****************Starting testcase execution*****************
2020-04-13 10:49:14,387 INFO  SearchLibraryPageTest:41 - *****************Starting testcase execution*****************
2020-04-13 10:49:52,903 INFO  SearchLibraryPageTest:41 - *****************Starting testcase execution*****************
2020-04-13 10:51:03,618 INFO  SearchLibraryPageTest:41 - *****************Starting testcase execution*****************
2020-04-13 11:18:07,089 INFO  SearchLibraryPageTest:41 - *****************Starting testcase execution*****************
2020-04-13 13:12:32,202 INFO  SearchLibraryPageTest:41 - *****************Starting testcase execution*****************
2020-04-13 13:15:43,282 INFO  SearchLibraryPageTest:41 - *****************Starting testcase execution*****************
2020-04-13 13:22:22,016 INFO  SearchLibraryPageTest:41 - *****************Starting testcase execution*****************
2020-04-13 13:29:11,516 INFO  SearchLibraryPageTest:41 - *****************Starting testcase execution*****************
2020-04-13 13:31:29,268 INFO  SearchLibraryPageTest:41 - *****************Starting testcase execution*****************
2020-04-13 13:33:52,342 INFO  SearchLibraryPageTest:41 - *****************Starting testcase execution*****************
2020-04-13 13:44:46,384 INFO  SearchLibraryPageTest:41 - *****************Starting testcase execution*****************
2020-04-14 12:10:21,310 INFO  SearchLibraryPageTest:41 - *****************Starting testcase execution*****************
2020-04-14 12:39:14,315 INFO  SearchLibraryPageTest:41 - *****************Starting testcase execution*****************
2020-04-14 12:45:18,402 INFO  SearchLibraryPageTest:41 - *****************Starting testcase execution*****************
2020-04-14 12:52:41,169 INFO  SearchLibraryPageTest:41 - *****************Starting testcase execution*****************
2020-04-14 12:56:08,689 INFO  SearchLibraryPageTest:41 - *****************Starting testcase execution*****************
2020-04-14 14:16:28,632 INFO  SearchLibraryPageTest:41 - *****************Starting testcase execution*****************
2020-04-14 14:19:36,960 INFO  SearchLibraryPageTest:41 - *****************Starting testcase execution*****************
2020-04-14 14:22:44,868 INFO  SearchLibraryPageTest:41 - *****************Starting testcase execution*****************
2020-04-14 14:24:23,080 INFO  SearchLibraryPageTest:41 - *****************Starting testcase execution*****************
2020-04-14 14:39:03,448 INFO  SearchLibraryPageTest:41 - *****************Starting testcase execution*****************
2020-04-14 14:44:47,515 INFO  SearchLibraryPageTest:41 - *****************Starting testcase execution*****************
2020-04-14 14:46:18,071 INFO  SearchLibraryPageTest:41 - *****************Starting testcase execution*****************
2020-04-14 14:55:40,998 INFO  SearchLibraryPageTest:41 - *****************Starting testcase execution*****************
2020-04-14 14:57:30,271 INFO  SearchLibraryPageTest:41 - *****************Starting testcase execution*****************
2020-04-14 14:59:52,627 INFO  SearchLibraryPageTest:41 - *****************Starting testcase execution*****************
2020-04-14 15:09:28,240 INFO  SearchLibraryPageTest:41 - *****************Starting testcase execution*****************
2020-04-14 15:52:53,791 INFO  SearchLibraryPageTest:41 - *****************Starting testcase execution*****************
2020-04-14 16:01:11,839 INFO  SearchLibraryPageTest:41 - *****************Starting testcase execution*****************
2020-04-14 16:03:01,940 INFO  SearchLibraryPageTest:41 - *****************Starting testcase execution*****************
2020-04-14 16:07:48,812 INFO  SearchLibraryPageTest:41 - *****************Starting testcase execution*****************
2020-04-14 16:24:25,382 INFO  SearchLibraryPageTest:41 - *****************Starting testcase execution*****************
2020-04-14 16:27:42,607 INFO  SearchLibraryPageTest:41 - *****************Starting testcase execution*****************
2020-04-14 16:35:00,975 INFO  SearchLibraryPageTest:41 - *****************Starting testcase execution*****************
2020-04-14 16:38:40,592 INFO  SearchLibraryPageTest:41 - *****************Starting testcase execution*****************
2020-04-14 16:48:23,330 INFO  SearchLibraryPageTest:41 - *****************Starting testcase execution*****************
2020-04-14 16:52:03,338 INFO  SearchLibraryPageTest:41 - *****************Starting testcase execution*****************
2020-04-14 17:01:19,277 INFO  SearchLibraryPageTest:41 - *****************Starting testcase execution*****************
2020-04-14 17:08:11,996 INFO  SearchLibraryPageTest:41 - *****************Starting testcase execution*****************
2020-04-14 17:22:37,212 INFO  SearchLibraryPageTest:41 - *****************Starting testcase execution*****************
2020-04-14 17:23:40,451 INFO  SearchLibraryPageTest:41 - *****************Starting testcase execution*****************
2020-04-14 17:28:44,964 INFO  SearchLibraryPageTest:41 - *****************Starting testcase execution*****************
2020-04-14 17:31:19,279 INFO  SearchLibraryPageTest:41 - *****************Starting testcase execution*****************
2020-04-14 17:33:13,634 INFO  SearchLibraryPageTest:41 - *****************Starting testcase execution*****************
2020-04-14 17:34:53,884 INFO  SearchLibraryPageTest:41 - *****************Starting testcase execution*****************
2020-04-14 17:37:40,159 INFO  SearchLibraryPageTest:41 - *****************Starting testcase execution*****************
2020-04-17 15:02:29,620 INFO  SearchLibraryPageTest:43 - *****************Starting testcase execution*****************
2020-04-17 15:50:22,682 INFO  SearchLibraryPageTest:43 - *****************Starting testcase execution*****************
2020-04-17 16:13:20,526 INFO  SearchLibraryPageTest:43 - *****************Starting testcase execution*****************
2020-04-17 16:13:49,211 INFO  SearchLibraryPageTest:43 - *****************Starting testcase execution*****************
2020-04-17 16:37:27,597 INFO  SearchLibraryPageTest:43 - *****************Starting testcase execution*****************
2020-04-17 16:42:42,149 INFO  SearchLibraryPageTest:43 - *****************Starting testcase execution*****************
2020-04-17 16:43:55,619 INFO  SearchLibraryPageTest:43 - *****************Starting testcase execution*****************
2020-04-17 16:53:04,850 INFO  SearchLibraryPageTest:43 - *****************Starting testcase execution*****************
2020-04-17 16:55:01,302 INFO  SearchLibraryPageTest:43 - *****************Starting testcase execution*****************
2020-04-17 17:15:52,488 INFO  SearchLibraryPageTest:43 - *****************Starting testcase execution*****************
2020-04-17 17:16:55,905 INFO  SearchLibraryPageTest:43 - *****************Starting testcase execution*****************
2020-04-20 12:29:37,990 DEBUG cache:45 - Couldn't find template in cache for "Extent.ftl"("en_IN", UTF-8, parsed); will try to load it.
2020-04-20 12:29:38,027 DEBUG cache:45 - TemplateLoader.findTemplateSource("Extent_en_IN.ftl"): Not found
2020-04-20 12:29:38,030 DEBUG cache:45 - TemplateLoader.findTemplateSource("Extent_en.ftl"): Not found
2020-04-20 12:29:38,032 DEBUG cache:45 - TemplateLoader.findTemplateSource("Extent.ftl"): Found
2020-04-20 12:29:38,032 DEBUG cache:45 - Loading template for "Extent.ftl"("en_IN", UTF-8, parsed) from "jar:file:/C:/Users/Manjushree/.m2/repository/com/relevantcodes/extentreports/2.41.2/extentreports-2.41.2.jar!/com/relevantcodes/extentreports/view/Extent.ftl"
2020-04-20 12:29:38,685 DEBUG cache:45 - Couldn't find template in cache for "Extent.ftl"("en_IN", UTF-8, parsed); will try to load it.
2020-04-20 12:29:38,686 DEBUG cache:45 - TemplateLoader.findTemplateSource("Extent_en_IN.ftl"): Not found
2020-04-20 12:29:38,686 DEBUG cache:45 - TemplateLoader.findTemplateSource("Extent_en.ftl"): Not found
2020-04-20 12:29:38,687 DEBUG cache:45 - TemplateLoader.findTemplateSource("Extent.ftl"): Found
2020-04-20 12:29:38,687 DEBUG cache:45 - Loading template for "Extent.ftl"("en_IN", UTF-8, parsed) from "jar:file:/C:/Users/Manjushree/.m2/repository/com/relevantcodes/extentreports/2.41.2/extentreports-2.41.2.jar!/com/relevantcodes/extentreports/view/Extent.ftl"
2020-04-20 12:45:09,676 DEBUG cache:45 - Couldn't find template in cache for "Extent.ftl"("en_IN", UTF-8, parsed); will try to load it.
2020-04-20 12:45:09,702 DEBUG cache:45 - TemplateLoader.findTemplateSource("Extent_en_IN.ftl"): Not found
2020-04-20 12:45:09,705 DEBUG cache:45 - TemplateLoader.findTemplateSource("Extent_en.ftl"): Not found
2020-04-20 12:45:09,706 DEBUG cache:45 - TemplateLoader.findTemplateSource("Extent.ftl"): Found
2020-04-20 12:45:09,707 DEBUG cache:45 - Loading template for "Extent.ftl"("en_IN", UTF-8, parsed) from "jar:file:/C:/Users/Manjushree/.m2/repository/com/relevantcodes/extentreports/2.41.2/extentreports-2.41.2.jar!/com/relevantcodes/extentreports/view/Extent.ftl"
2020-04-20 12:45:10,272 DEBUG cache:45 - Couldn't find template in cache for "Extent.ftl"("en_IN", UTF-8, parsed); will try to load it.
2020-04-20 12:45:10,273 DEBUG cache:45 - TemplateLoader.findTemplateSource("Extent_en_IN.ftl"): Not found
2020-04-20 12:45:10,274 DEBUG cache:45 - TemplateLoader.findTemplateSource("Extent_en.ftl"): Not found
2020-04-20 12:45:10,275 DEBUG cache:45 - TemplateLoader.findTemplateSource("Extent.ftl"): Found
2020-04-20 12:45:10,276 DEBUG cache:45 - Loading template for "Extent.ftl"("en_IN", UTF-8, parsed) from "jar:file:/C:/Users/Manjushree/.m2/repository/com/relevantcodes/extentreports/2.41.2/extentreports-2.41.2.jar!/com/relevantcodes/extentreports/view/Extent.ftl"
2020-04-20 13:01:52,536 DEBUG cache:45 - Couldn't find template in cache for "Extent.ftl"("en_IN", UTF-8, parsed); will try to load it.
2020-04-20 13:01:52,569 DEBUG cache:45 - TemplateLoader.findTemplateSource("Extent_en_IN.ftl"): Not found
2020-04-20 13:01:52,577 DEBUG cache:45 - TemplateLoader.findTemplateSource("Extent_en.ftl"): Not found
2020-04-20 13:01:52,581 DEBUG cache:45 - TemplateLoader.findTemplateSource("Extent.ftl"): Found
2020-04-20 13:01:52,582 DEBUG cache:45 - Loading template for "Extent.ftl"("en_IN", UTF-8, parsed) from "jar:file:/C:/Users/Manjushree/.m2/repository/com/relevantcodes/extentreports/2.41.2/extentreports-2.41.2.jar!/com/relevantcodes/extentreports/view/Extent.ftl"
2020-04-20 13:01:54,072 DEBUG cache:45 - Couldn't find template in cache for "Extent.ftl"("en_IN", UTF-8, parsed); will try to load it.
2020-04-20 13:01:54,072 DEBUG cache:45 - TemplateLoader.findTemplateSource("Extent_en_IN.ftl"): Not found
2020-04-20 13:01:54,074 DEBUG cache:45 - TemplateLoader.findTemplateSource("Extent_en.ftl"): Not found
2020-04-20 13:01:54,074 DEBUG cache:45 - TemplateLoader.findTemplateSource("Extent.ftl"): Found
2020-04-20 13:01:54,075 DEBUG cache:45 - Loading template for "Extent.ftl"("en_IN", UTF-8, parsed) from "jar:file:/C:/Users/Manjushree/.m2/repository/com/relevantcodes/extentreports/2.41.2/extentreports-2.41.2.jar!/com/relevantcodes/extentreports/view/Extent.ftl"
2020-04-20 13:53:49,784 DEBUG cache:45 - Couldn't find template in cache for "Extent.ftl"("en_IN", UTF-8, parsed); will try to load it.
2020-04-20 13:53:49,802 DEBUG cache:45 - TemplateLoader.findTemplateSource("Extent_en_IN.ftl"): Not found
2020-04-20 13:53:49,808 DEBUG cache:45 - TemplateLoader.findTemplateSource("Extent_en.ftl"): Not found
2020-04-20 13:53:49,811 DEBUG cache:45 - TemplateLoader.findTemplateSource("Extent.ftl"): Found
2020-04-20 13:53:49,811 DEBUG cache:45 - Loading template for "Extent.ftl"("en_IN", UTF-8, parsed) from "jar:file:/C:/Users/Manjushree/.m2/repository/com/relevantcodes/extentreports/2.41.2/extentreports-2.41.2.jar!/com/relevantcodes/extentreports/view/Extent.ftl"
2020-04-20 13:53:50,440 DEBUG cache:45 - Couldn't find template in cache for "Extent.ftl"("en_IN", UTF-8, parsed); will try to load it.
2020-04-20 13:53:50,441 DEBUG cache:45 - TemplateLoader.findTemplateSource("Extent_en_IN.ftl"): Not found
2020-04-20 13:53:50,442 DEBUG cache:45 - TemplateLoader.findTemplateSource("Extent_en.ftl"): Not found
2020-04-20 13:53:50,444 DEBUG cache:45 - TemplateLoader.findTemplateSource("Extent.ftl"): Found
2020-04-20 13:53:50,444 DEBUG cache:45 - Loading template for "Extent.ftl"("en_IN", UTF-8, parsed) from "jar:file:/C:/Users/Manjushree/.m2/repository/com/relevantcodes/extentreports/2.41.2/extentreports-2.41.2.jar!/com/relevantcodes/extentreports/view/Extent.ftl"
2020-04-20 14:00:50,294 DEBUG cache:45 - Couldn't find template in cache for "Extent.ftl"("en_IN", UTF-8, parsed); will try to load it.
2020-04-20 14:00:50,316 DEBUG cache:45 - TemplateLoader.findTemplateSource("Extent_en_IN.ftl"): Not found
2020-04-20 14:00:50,323 DEBUG cache:45 - TemplateLoader.findTemplateSource("Extent_en.ftl"): Not found
2020-04-20 14:00:50,326 DEBUG cache:45 - TemplateLoader.findTemplateSource("Extent.ftl"): Found
2020-04-20 14:00:50,330 DEBUG cache:45 - Loading template for "Extent.ftl"("en_IN", UTF-8, parsed) from "jar:file:/C:/Users/Manjushree/.m2/repository/com/relevantcodes/extentreports/2.41.2/extentreports-2.41.2.jar!/com/relevantcodes/extentreports/view/Extent.ftl"
2020-04-20 14:00:51,100 DEBUG cache:45 - Couldn't find template in cache for "Extent.ftl"("en_IN", UTF-8, parsed); will try to load it.
2020-04-20 14:00:51,102 DEBUG cache:45 - TemplateLoader.findTemplateSource("Extent_en_IN.ftl"): Not found
2020-04-20 14:00:51,104 DEBUG cache:45 - TemplateLoader.findTemplateSource("Extent_en.ftl"): Not found
2020-04-20 14:00:51,105 DEBUG cache:45 - TemplateLoader.findTemplateSource("Extent.ftl"): Found
2020-04-20 14:00:51,106 DEBUG cache:45 - Loading template for "Extent.ftl"("en_IN", UTF-8, parsed) from "jar:file:/C:/Users/Manjushree/.m2/repository/com/relevantcodes/extentreports/2.41.2/extentreports-2.41.2.jar!/com/relevantcodes/extentreports/view/Extent.ftl"
2020-04-26 12:47:34,923 DEBUG cache:45 - Couldn't find template in cache for "Extent.ftl"("en_IN", UTF-8, parsed); will try to load it.
2020-04-26 12:47:34,943 DEBUG cache:45 - TemplateLoader.findTemplateSource("Extent_en_IN.ftl"): Not found
2020-04-26 12:47:34,946 DEBUG cache:45 - TemplateLoader.findTemplateSource("Extent_en.ftl"): Not found
2020-04-26 12:47:34,948 DEBUG cache:45 - TemplateLoader.findTemplateSource("Extent.ftl"): Found
2020-04-26 12:47:34,949 DEBUG cache:45 - Loading template for "Extent.ftl"("en_IN", UTF-8, parsed) from "jar:file:/C:/Users/Manjushree/.m2/repository/com/relevantcodes/extentreports/2.41.2/extentreports-2.41.2.jar!/com/relevantcodes/extentreports/view/Extent.ftl"
2020-04-26 12:47:35,504 DEBUG cache:45 - Couldn't find template in cache for "Extent.ftl"("en_IN", UTF-8, parsed); will try to load it.
2020-04-26 12:47:35,506 DEBUG cache:45 - TemplateLoader.findTemplateSource("Extent_en_IN.ftl"): Not found
2020-04-26 12:47:35,507 DEBUG cache:45 - TemplateLoader.findTemplateSource("Extent_en.ftl"): Not found
2020-04-26 12:47:35,508 DEBUG cache:45 - TemplateLoader.findTemplateSource("Extent.ftl"): Found
2020-04-26 12:47:35,509 DEBUG cache:45 - Loading template for "Extent.ftl"("en_IN", UTF-8, parsed) from "jar:file:/C:/Users/Manjushree/.m2/repository/com/relevantcodes/extentreports/2.41.2/extentreports-2.41.2.jar!/com/relevantcodes/extentreports/view/Extent.ftl"
2020-04-26 20:41:09,283 DEBUG cache:45 - Couldn't find template in cache for "Extent.ftl"("en_IN", UTF-8, parsed); will try to load it.
2020-04-26 20:41:09,298 DEBUG cache:45 - TemplateLoader.findTemplateSource("Extent_en_IN.ftl"): Not found
2020-04-26 20:41:09,301 DEBUG cache:45 - TemplateLoader.findTemplateSource("Extent_en.ftl"): Not found
2020-04-26 20:41:09,304 DEBUG cache:45 - TemplateLoader.findTemplateSource("Extent.ftl"): Found
2020-04-26 20:41:09,305 DEBUG cache:45 - Loading template for "Extent.ftl"("en_IN", UTF-8, parsed) from "jar:file:/C:/Users/Manjushree/.m2/repository/com/relevantcodes/extentreports/2.41.2/extentreports-2.41.2.jar!/com/relevantcodes/extentreports/view/Extent.ftl"
2020-04-26 20:41:09,875 DEBUG cache:45 - Couldn't find template in cache for "Extent.ftl"("en_IN", UTF-8, parsed); will try to load it.
2020-04-26 20:41:09,876 DEBUG cache:45 - TemplateLoader.findTemplateSource("Extent_en_IN.ftl"): Not found
2020-04-26 20:41:09,877 DEBUG cache:45 - TemplateLoader.findTemplateSource("Extent_en.ftl"): Not found
2020-04-26 20:41:09,877 DEBUG cache:45 - TemplateLoader.findTemplateSource("Extent.ftl"): Found
2020-04-26 20:41:09,878 DEBUG cache:45 - Loading template for "Extent.ftl"("en_IN", UTF-8, parsed) from "jar:file:/C:/Users/Manjushree/.m2/repository/com/relevantcodes/extentreports/2.41.2/extentreports-2.41.2.jar!/com/relevantcodes/extentreports/view/Extent.ftl"
2020-04-27 12:38:42,712 DEBUG cache:45 - Couldn't find template in cache for "Extent.ftl"("en_IN", UTF-8, parsed); will try to load it.
2020-04-27 12:38:42,800 DEBUG cache:45 - TemplateLoader.findTemplateSource("Extent_en_IN.ftl"): Not found
2020-04-27 12:38:42,803 DEBUG cache:45 - TemplateLoader.findTemplateSource("Extent_en.ftl"): Not found
2020-04-27 12:38:42,806 DEBUG cache:45 - TemplateLoader.findTemplateSource("Extent.ftl"): Found
2020-04-27 12:38:42,807 DEBUG cache:45 - Loading template for "Extent.ftl"("en_IN", UTF-8, parsed) from "jar:file:/C:/Users/Manjushree/.m2/repository/com/relevantcodes/extentreports/2.41.2/extentreports-2.41.2.jar!/com/relevantcodes/extentreports/view/Extent.ftl"
2020-04-27 12:38:44,937 DEBUG cache:45 - Couldn't find template in cache for "Extent.ftl"("en_IN", UTF-8, parsed); will try to load it.
2020-04-27 12:38:44,938 DEBUG cache:45 - TemplateLoader.findTemplateSource("Extent_en_IN.ftl"): Not found
2020-04-27 12:38:44,939 DEBUG cache:45 - TemplateLoader.findTemplateSource("Extent_en.ftl"): Not found
2020-04-27 12:38:44,940 DEBUG cache:45 - TemplateLoader.findTemplateSource("Extent.ftl"): Found
2020-04-27 12:38:44,940 DEBUG cache:45 - Loading template for "Extent.ftl"("en_IN", UTF-8, parsed) from "jar:file:/C:/Users/Manjushree/.m2/repository/com/relevantcodes/extentreports/2.41.2/extentreports-2.41.2.jar!/com/relevantcodes/extentreports/view/Extent.ftl"
2020-04-27 12:47:46,454 DEBUG cache:45 - Couldn't find template in cache for "Extent.ftl"("en_IN", UTF-8, parsed); will try to load it.
2020-04-27 12:47:46,554 DEBUG cache:45 - TemplateLoader.findTemplateSource("Extent_en_IN.ftl"): Not found
2020-04-27 12:47:46,556 DEBUG cache:45 - TemplateLoader.findTemplateSource("Extent_en.ftl"): Not found
2020-04-27 12:47:46,559 DEBUG cache:45 - TemplateLoader.findTemplateSource("Extent.ftl"): Found
2020-04-27 12:47:46,560 DEBUG cache:45 - Loading template for "Extent.ftl"("en_IN", UTF-8, parsed) from "jar:file:/C:/Users/Manjushree/.m2/repository/com/relevantcodes/extentreports/2.41.2/extentreports-2.41.2.jar!/com/relevantcodes/extentreports/view/Extent.ftl"
2020-04-27 12:47:47,271 DEBUG cache:45 - Couldn't find template in cache for "Extent.ftl"("en_IN", UTF-8, parsed); will try to load it.
2020-04-27 12:47:47,272 DEBUG cache:45 - TemplateLoader.findTemplateSource("Extent_en_IN.ftl"): Not found
2020-04-27 12:47:47,273 DEBUG cache:45 - TemplateLoader.findTemplateSource("Extent_en.ftl"): Not found
2020-04-27 12:47:47,273 DEBUG cache:45 - TemplateLoader.findTemplateSource("Extent.ftl"): Found
2020-04-27 12:47:47,274 DEBUG cache:45 - Loading template for "Extent.ftl"("en_IN", UTF-8, parsed) from "jar:file:/C:/Users/Manjushree/.m2/repository/com/relevantcodes/extentreports/2.41.2/extentreports-2.41.2.jar!/com/relevantcodes/extentreports/view/Extent.ftl"
2020-04-27 13:05:38,823 DEBUG cache:45 - Couldn't find template in cache for "Extent.ftl"("en_IN", UTF-8, parsed); will try to load it.
2020-04-27 13:05:38,831 DEBUG cache:45 - TemplateLoader.findTemplateSource("Extent_en_IN.ftl"): Not found
2020-04-27 13:05:38,837 DEBUG cache:45 - TemplateLoader.findTemplateSource("Extent_en.ftl"): Not found
2020-04-27 13:05:38,845 DEBUG cache:45 - TemplateLoader.findTemplateSource("Extent.ftl"): Found
2020-04-27 13:05:38,846 DEBUG cache:45 - Loading template for "Extent.ftl"("en_IN", UTF-8, parsed) from "jar:file:/C:/Users/Manjushree/.m2/repository/com/relevantcodes/extentreports/2.41.2/extentreports-2.41.2.jar!/com/relevantcodes/extentreports/view/Extent.ftl"
2020-04-27 13:05:39,290 DEBUG cache:45 - Couldn't find template in cache for "Extent.ftl"("en_IN", UTF-8, parsed); will try to load it.
2020-04-27 13:05:39,291 DEBUG cache:45 - TemplateLoader.findTemplateSource("Extent_en_IN.ftl"): Not found
2020-04-27 13:05:39,292 DEBUG cache:45 - TemplateLoader.findTemplateSource("Extent_en.ftl"): Not found
2020-04-27 13:05:39,292 DEBUG cache:45 - TemplateLoader.findTemplateSource("Extent.ftl"): Found
2020-04-27 13:05:39,293 DEBUG cache:45 - Loading template for "Extent.ftl"("en_IN", UTF-8, parsed) from "jar:file:/C:/Users/Manjushree/.m2/repository/com/relevantcodes/extentreports/2.41.2/extentreports-2.41.2.jar!/com/relevantcodes/extentreports/view/Extent.ftl"
2020-04-27 13:36:57,319 DEBUG cache:45 - Couldn't find template in cache for "Extent.ftl"("en_IN", UTF-8, parsed); will try to load it.
2020-04-27 13:36:57,337 DEBUG cache:45 - TemplateLoader.findTemplateSource("Extent_en_IN.ftl"): Not found
2020-04-27 13:36:57,339 DEBUG cache:45 - TemplateLoader.findTemplateSource("Extent_en.ftl"): Not found
2020-04-27 13:36:57,341 DEBUG cache:45 - TemplateLoader.findTemplateSource("Extent.ftl"): Found
2020-04-27 13:36:57,342 DEBUG cache:45 - Loading template for "Extent.ftl"("en_IN", UTF-8, parsed) from "jar:file:/C:/Users/Manjushree/.m2/repository/com/relevantcodes/extentreports/2.41.2/extentreports-2.41.2.jar!/com/relevantcodes/extentreports/view/Extent.ftl"
2020-04-27 13:36:58,095 DEBUG cache:45 - Couldn't find template in cache for "Extent.ftl"("en_IN", UTF-8, parsed); will try to load it.
2020-04-27 13:36:58,096 DEBUG cache:45 - TemplateLoader.findTemplateSource("Extent_en_IN.ftl"): Not found
2020-04-27 13:36:58,097 DEBUG cache:45 - TemplateLoader.findTemplateSource("Extent_en.ftl"): Not found
2020-04-27 13:36:58,099 DEBUG cache:45 - TemplateLoader.findTemplateSource("Extent.ftl"): Found
2020-04-27 13:36:58,099 DEBUG cache:45 - Loading template for "Extent.ftl"("en_IN", UTF-8, parsed) from "jar:file:/C:/Users/Manjushree/.m2/repository/com/relevantcodes/extentreports/2.41.2/extentreports-2.41.2.jar!/com/relevantcodes/extentreports/view/Extent.ftl"
2020-04-27 14:02:11,149 DEBUG cache:45 - Couldn't find template in cache for "Extent.ftl"("en_IN", UTF-8, parsed); will try to load it.
2020-04-27 14:02:11,173 DEBUG cache:45 - TemplateLoader.findTemplateSource("Extent_en_IN.ftl"): Not found
2020-04-27 14:02:11,176 DEBUG cache:45 - TemplateLoader.findTemplateSource("Extent_en.ftl"): Not found
2020-04-27 14:02:11,180 DEBUG cache:45 - TemplateLoader.findTemplateSource("Extent.ftl"): Found
2020-04-27 14:02:11,181 DEBUG cache:45 - Loading template for "Extent.ftl"("en_IN", UTF-8, parsed) from "jar:file:/C:/Users/Manjushree/.m2/repository/com/relevantcodes/extentreports/2.41.2/extentreports-2.41.2.jar!/com/relevantcodes/extentreports/view/Extent.ftl"
2020-04-27 14:02:11,711 DEBUG cache:45 - Couldn't find template in cache for "Extent.ftl"("en_IN", UTF-8, parsed); will try to load it.
2020-04-27 14:02:11,712 DEBUG cache:45 - TemplateLoader.findTemplateSource("Extent_en_IN.ftl"): Not found
2020-04-27 14:02:11,712 DEBUG cache:45 - TemplateLoader.findTemplateSource("Extent_en.ftl"): Not found
2020-04-27 14:02:11,713 DEBUG cache:45 - TemplateLoader.findTemplateSource("Extent.ftl"): Found
2020-04-27 14:02:11,713 DEBUG cache:45 - Loading template for "Extent.ftl"("en_IN", UTF-8, parsed) from "jar:file:/C:/Users/Manjushree/.m2/repository/com/relevantcodes/extentreports/2.41.2/extentreports-2.41.2.jar!/com/relevantcodes/extentreports/view/Extent.ftl"
2020-04-27 15:17:36,390 DEBUG cache:45 - Couldn't find template in cache for "Extent.ftl"("en_IN", UTF-8, parsed); will try to load it.
2020-04-27 15:17:36,408 DEBUG cache:45 - TemplateLoader.findTemplateSource("Extent_en_IN.ftl"): Not found
2020-04-27 15:17:36,410 DEBUG cache:45 - TemplateLoader.findTemplateSource("Extent_en.ftl"): Not found
2020-04-27 15:17:36,412 DEBUG cache:45 - TemplateLoader.findTemplateSource("Extent.ftl"): Found
2020-04-27 15:17:36,412 DEBUG cache:45 - Loading template for "Extent.ftl"("en_IN", UTF-8, parsed) from "jar:file:/C:/Users/Manjushree/.m2/repository/com/relevantcodes/extentreports/2.41.2/extentreports-2.41.2.jar!/com/relevantcodes/extentreports/view/Extent.ftl"
2020-04-27 15:17:36,970 DEBUG cache:45 - Couldn't find template in cache for "Extent.ftl"("en_IN", UTF-8, parsed); will try to load it.
2020-04-27 15:17:36,971 DEBUG cache:45 - TemplateLoader.findTemplateSource("Extent_en_IN.ftl"): Not found
2020-04-27 15:17:36,972 DEBUG cache:45 - TemplateLoader.findTemplateSource("Extent_en.ftl"): Not found
2020-04-27 15:17:36,973 DEBUG cache:45 - TemplateLoader.findTemplateSource("Extent.ftl"): Found
2020-04-27 15:17:36,973 DEBUG cache:45 - Loading template for "Extent.ftl"("en_IN", UTF-8, parsed) from "jar:file:/C:/Users/Manjushree/.m2/repository/com/relevantcodes/extentreports/2.41.2/extentreports-2.41.2.jar!/com/relevantcodes/extentreports/view/Extent.ftl"
2020-04-27 15:50:57,674 DEBUG cache:45 - Couldn't find template in cache for "Extent.ftl"("en_IN", UTF-8, parsed); will try to load it.
2020-04-27 15:50:57,739 DEBUG cache:45 - TemplateLoader.findTemplateSource("Extent_en_IN.ftl"): Not found
2020-04-27 15:50:57,745 DEBUG cache:45 - TemplateLoader.findTemplateSource("Extent_en.ftl"): Not found
2020-04-27 15:50:57,750 DEBUG cache:45 - TemplateLoader.findTemplateSource("Extent.ftl"): Found
2020-04-27 15:50:57,751 DEBUG cache:45 - Loading template for "Extent.ftl"("en_IN", UTF-8, parsed) from "jar:file:/C:/Users/Manjushree/.m2/repository/com/relevantcodes/extentreports/2.41.2/extentreports-2.41.2.jar!/com/relevantcodes/extentreports/view/Extent.ftl"
2020-04-27 15:50:58,593 DEBUG cache:45 - Couldn't find template in cache for "Extent.ftl"("en_IN", UTF-8, parsed); will try to load it.
2020-04-27 15:50:58,594 DEBUG cache:45 - TemplateLoader.findTemplateSource("Extent_en_IN.ftl"): Not found
2020-04-27 15:50:58,594 DEBUG cache:45 - TemplateLoader.findTemplateSource("Extent_en.ftl"): Not found
2020-04-27 15:50:58,595 DEBUG cache:45 - TemplateLoader.findTemplateSource("Extent.ftl"): Found
2020-04-27 15:50:58,595 DEBUG cache:45 - Loading template for "Extent.ftl"("en_IN", UTF-8, parsed) from "jar:file:/C:/Users/Manjushree/.m2/repository/com/relevantcodes/extentreports/2.41.2/extentreports-2.41.2.jar!/com/relevantcodes/extentreports/view/Extent.ftl"
2020-04-27 15:55:40,026 DEBUG cache:45 - Couldn't find template in cache for "Extent.ftl"("en_IN", UTF-8, parsed); will try to load it.
2020-04-27 15:55:40,065 DEBUG cache:45 - TemplateLoader.findTemplateSource("Extent_en_IN.ftl"): Not found
2020-04-27 15:55:40,067 DEBUG cache:45 - TemplateLoader.findTemplateSource("Extent_en.ftl"): Not found
2020-04-27 15:55:40,069 DEBUG cache:45 - TemplateLoader.findTemplateSource("Extent.ftl"): Found
2020-04-27 15:55:40,070 DEBUG cache:45 - Loading template for "Extent.ftl"("en_IN", UTF-8, parsed) from "jar:file:/C:/Users/Manjushree/.m2/repository/com/relevantcodes/extentreports/2.41.2/extentreports-2.41.2.jar!/com/relevantcodes/extentreports/view/Extent.ftl"
2020-04-27 15:55:40,582 DEBUG cache:45 - Couldn't find template in cache for "Extent.ftl"("en_IN", UTF-8, parsed); will try to load it.
2020-04-27 15:55:40,583 DEBUG cache:45 - TemplateLoader.findTemplateSource("Extent_en_IN.ftl"): Not found
2020-04-27 15:55:40,584 DEBUG cache:45 - TemplateLoader.findTemplateSource("Extent_en.ftl"): Not found
2020-04-27 15:55:40,585 DEBUG cache:45 - TemplateLoader.findTemplateSource("Extent.ftl"): Found
2020-04-27 15:55:40,585 DEBUG cache:45 - Loading template for "Extent.ftl"("en_IN", UTF-8, parsed) from "jar:file:/C:/Users/Manjushree/.m2/repository/com/relevantcodes/extentreports/2.41.2/extentreports-2.41.2.jar!/com/relevantcodes/extentreports/view/Extent.ftl"
2020-04-27 16:22:10,523 DEBUG cache:45 - Couldn't find template in cache for "Extent.ftl"("en_IN", UTF-8, parsed); will try to load it.
2020-04-27 16:22:10,546 DEBUG cache:45 - TemplateLoader.findTemplateSource("Extent_en_IN.ftl"): Not found
2020-04-27 16:22:10,552 DEBUG cache:45 - TemplateLoader.findTemplateSource("Extent_en.ftl"): Not found
2020-04-27 16:22:10,555 DEBUG cache:45 - TemplateLoader.findTemplateSource("Extent.ftl"): Found
2020-04-27 16:22:10,557 DEBUG cache:45 - Loading template for "Extent.ftl"("en_IN", UTF-8, parsed) from "jar:file:/C:/Users/Manjushree/.m2/repository/com/relevantcodes/extentreports/2.41.2/extentreports-2.41.2.jar!/com/relevantcodes/extentreports/view/Extent.ftl"
2020-04-27 16:22:11,306 DEBUG cache:45 - Couldn't find template in cache for "Extent.ftl"("en_IN", UTF-8, parsed); will try to load it.
2020-04-27 16:22:11,307 DEBUG cache:45 - TemplateLoader.findTemplateSource("Extent_en_IN.ftl"): Not found
2020-04-27 16:22:11,307 DEBUG cache:45 - TemplateLoader.findTemplateSource("Extent_en.ftl"): Not found
2020-04-27 16:22:11,308 DEBUG cache:45 - TemplateLoader.findTemplateSource("Extent.ftl"): Found
2020-04-27 16:22:11,309 DEBUG cache:45 - Loading template for "Extent.ftl"("en_IN", UTF-8, parsed) from "jar:file:/C:/Users/Manjushree/.m2/repository/com/relevantcodes/extentreports/2.41.2/extentreports-2.41.2.jar!/com/relevantcodes/extentreports/view/Extent.ftl"
2020-04-27 16:28:28,094 DEBUG cache:45 - Couldn't find template in cache for "Extent.ftl"("en_IN", UTF-8, parsed); will try to load it.
2020-04-27 16:28:28,117 DEBUG cache:45 - TemplateLoader.findTemplateSource("Extent_en_IN.ftl"): Not found
2020-04-27 16:28:28,120 DEBUG cache:45 - TemplateLoader.findTemplateSource("Extent_en.ftl"): Not found
2020-04-27 16:28:28,122 DEBUG cache:45 - TemplateLoader.findTemplateSource("Extent.ftl"): Found
2020-04-27 16:28:28,123 DEBUG cache:45 - Loading template for "Extent.ftl"("en_IN", UTF-8, parsed) from "jar:file:/C:/Users/Manjushree/.m2/repository/com/relevantcodes/extentreports/2.41.2/extentreports-2.41.2.jar!/com/relevantcodes/extentreports/view/Extent.ftl"
2020-04-27 16:28:30,144 DEBUG cache:45 - Couldn't find template in cache for "Extent.ftl"("en_IN", UTF-8, parsed); will try to load it.
2020-04-27 16:28:30,145 DEBUG cache:45 - TemplateLoader.findTemplateSource("Extent_en_IN.ftl"): Not found
2020-04-27 16:28:30,145 DEBUG cache:45 - TemplateLoader.findTemplateSource("Extent_en.ftl"): Not found
2020-04-27 16:28:30,146 DEBUG cache:45 - TemplateLoader.findTemplateSource("Extent.ftl"): Found
2020-04-27 16:28:30,147 DEBUG cache:45 - Loading template for "Extent.ftl"("en_IN", UTF-8, parsed) from "jar:file:/C:/Users/Manjushree/.m2/repository/com/relevantcodes/extentreports/2.41.2/extentreports-2.41.2.jar!/com/relevantcodes/extentreports/view/Extent.ftl"
2020-04-27 16:34:01,156 DEBUG cache:45 - Couldn't find template in cache for "Extent.ftl"("en_IN", UTF-8, parsed); will try to load it.
2020-04-27 16:34:01,188 DEBUG cache:45 - TemplateLoader.findTemplateSource("Extent_en_IN.ftl"): Not found
2020-04-27 16:34:01,193 DEBUG cache:45 - TemplateLoader.findTemplateSource("Extent_en.ftl"): Not found
2020-04-27 16:34:01,196 DEBUG cache:45 - TemplateLoader.findTemplateSource("Extent.ftl"): Found
2020-04-27 16:34:01,197 DEBUG cache:45 - Loading template for "Extent.ftl"("en_IN", UTF-8, parsed) from "jar:file:/C:/Users/Manjushree/.m2/repository/com/relevantcodes/extentreports/2.41.2/extentreports-2.41.2.jar!/com/relevantcodes/extentreports/view/Extent.ftl"
2020-04-27 16:34:02,361 DEBUG cache:45 - Couldn't find template in cache for "Extent.ftl"("en_IN", UTF-8, parsed); will try to load it.
2020-04-27 16:34:02,362 DEBUG cache:45 - TemplateLoader.findTemplateSource("Extent_en_IN.ftl"): Not found
2020-04-27 16:34:02,363 DEBUG cache:45 - TemplateLoader.findTemplateSource("Extent_en.ftl"): Not found
2020-04-27 16:34:02,363 DEBUG cache:45 - TemplateLoader.findTemplateSource("Extent.ftl"): Found
2020-04-27 16:34:02,363 DEBUG cache:45 - Loading template for "Extent.ftl"("en_IN", UTF-8, parsed) from "jar:file:/C:/Users/Manjushree/.m2/repository/com/relevantcodes/extentreports/2.41.2/extentreports-2.41.2.jar!/com/relevantcodes/extentreports/view/Extent.ftl"
2020-04-27 16:51:44,416 DEBUG cache:45 - Couldn't find template in cache for "Extent.ftl"("en_IN", UTF-8, parsed); will try to load it.
2020-04-27 16:51:44,595 DEBUG cache:45 - TemplateLoader.findTemplateSource("Extent_en_IN.ftl"): Not found
2020-04-27 16:51:44,601 DEBUG cache:45 - TemplateLoader.findTemplateSource("Extent_en.ftl"): Not found
2020-04-27 16:51:44,605 DEBUG cache:45 - TemplateLoader.findTemplateSource("Extent.ftl"): Found
2020-04-27 16:51:44,606 DEBUG cache:45 - Loading template for "Extent.ftl"("en_IN", UTF-8, parsed) from "jar:file:/C:/Users/Manjushree/.m2/repository/com/relevantcodes/extentreports/2.41.2/extentreports-2.41.2.jar!/com/relevantcodes/extentreports/view/Extent.ftl"
2020-04-27 16:51:46,416 DEBUG cache:45 - Couldn't find template in cache for "Extent.ftl"("en_IN", UTF-8, parsed); will try to load it.
2020-04-27 16:51:46,417 DEBUG cache:45 - TemplateLoader.findTemplateSource("Extent_en_IN.ftl"): Not found
2020-04-27 16:51:46,418 DEBUG cache:45 - TemplateLoader.findTemplateSource("Extent_en.ftl"): Not found
2020-04-27 16:51:46,418 DEBUG cache:45 - TemplateLoader.findTemplateSource("Extent.ftl"): Found
2020-04-27 16:51:46,419 DEBUG cache:45 - Loading template for "Extent.ftl"("en_IN", UTF-8, parsed) from "jar:file:/C:/Users/Manjushree/.m2/repository/com/relevantcodes/extentreports/2.41.2/extentreports-2.41.2.jar!/com/relevantcodes/extentreports/view/Extent.ftl"
